<?xml version="1.0" encoding="utf-8" standalone="no"?>
<!--This file represents the results of running a test suite-->
<test-results name="C:\WebSites\MvcEmpty\MvcEmpty\MvcEmpty.Tests\bin\Debug\MvcEmpty.Tests.dll" total="0" errors="0" failures="0" not-run="0" inconclusive="0" ignored="0" skipped="0" invalid="0" date="2014-12-12" time="11:00:48">
  <environment nunit-version="2.5.10.11092" clr-version="4.0.30319.18444" os-version="Microsoft Windows NT 6.1.7601 Service Pack 1" platform="Win32NT" cwd="c:\Program Files\Microsoft Visual Studio 10.0\Common7\IDE" machine-name="SEC2107" user="MinnesR" user-domain="SECC" />
  <culture-info current-culture="en-GB" current-uiculture="en-US" />
  <test-suite type="Assembly" name="C:\WebSites\MvcEmpty\MvcEmpty\MvcEmpty.Tests\bin\Debug\MvcEmpty.Tests.dll" executed="True" result="Inconclusive" success="False" time="0.009" asserts="0" />
</test-results>